2024-06-15T22:27:03.209+07:00  INFO 472 --- [file-service] [restartedMain] c.k.fileservice.FileServiceApplication   : Starting FileServiceApplication using Java 21.0.3 with PID 472 (C:\Users\tuank\code\tlum\server\file-service\build\classes\java\main started by tuank in C:\Users\tuank\code\tlum\server)
2024-06-15T22:27:03.212+07:00  INFO 472 --- [file-service] [restartedMain] c.k.fileservice.FileServiceApplication   : The following 1 profile is active: "dev"
2024-06-15T22:27:03.285+07:00  INFO 472 --- [file-service] [restartedMain] .e.DevToolsPropertyDefaultsPostProcessor : Devtools property defaults active! Set 'spring.devtools.add-properties' to 'false' to disable
2024-06-15T22:27:03.285+07:00  INFO 472 --- [file-service] [restartedMain] .e.DevToolsPropertyDefaultsPostProcessor : For additional web related logging consider setting the 'logging.level.web' property to 'DEBUG'
2024-06-15T22:27:04.619+07:00  INFO 472 --- [file-service] [restartedMain] o.s.cloud.context.scope.GenericScope     : BeanFactory id=b89ec886-70d1-3185-858a-f3ac5b3a47f7
2024-06-15T22:27:04.697+07:00  WARN 472 --- [file-service] [restartedMain] trationDelegate$BeanPostProcessorChecker : Bean 'org.springframework.cloud.client.loadbalancer.LoadBalancerAutoConfiguration$DeferringLoadBalancerInterceptorConfig' of type [org.springframework.cloud.client.loadbalancer.LoadBalancerAutoConfiguration$DeferringLoadBalancerInterceptorConfig] is not eligible for getting processed by all BeanPostProcessors (for example: not eligible for auto-proxying). The currently created BeanPostProcessor [lbRestClientPostProcessor] is declared through a non-static factory method on that class; consider declaring it as static instead.
2024-06-15T22:27:04.699+07:00  WARN 472 --- [file-service] [restartedMain] trationDelegate$BeanPostProcessorChecker : Bean 'deferringLoadBalancerInterceptor' of type [org.springframework.cloud.client.loadbalancer.DeferringLoadBalancerInterceptor] is not eligible for getting processed by all BeanPostProcessors (for example: not eligible for auto-proxying). Is this bean getting eagerly injected into a currently created BeanPostProcessor [lbRestClientPostProcessor]? Check the corresponding BeanPostProcessor declaration and its dependencies.
2024-06-15T22:27:05.138+07:00  INFO 472 --- [file-service] [restartedMain] o.s.b.w.embedded.tomcat.TomcatWebServer  : Tomcat initialized with port 9001 (http)
2024-06-15T22:27:05.154+07:00  INFO 472 --- [file-service] [restartedMain] o.apache.catalina.core.StandardService   : Starting service [Tomcat]
2024-06-15T22:27:05.154+07:00  INFO 472 --- [file-service] [restartedMain] o.apache.catalina.core.StandardEngine    : Starting Servlet engine: [Apache Tomcat/10.1.24]
2024-06-15T22:27:05.227+07:00  INFO 472 --- [file-service] [restartedMain] o.a.c.c.C.[Tomcat].[localhost].[/]       : Initializing Spring embedded WebApplicationContext
2024-06-15T22:27:05.228+07:00  INFO 472 --- [file-service] [restartedMain] w.s.c.ServletWebServerApplicationContext : Root WebApplicationContext: initialization completed in 1942 ms
2024-06-15T22:27:06.147+07:00  INFO 472 --- [file-service] [restartedMain] o.s.b.d.a.OptionalLiveReloadServer       : LiveReload server is running on port 35729
2024-06-15T22:27:06.170+07:00  INFO 472 --- [file-service] [restartedMain] DiscoveryClientOptionalArgsConfiguration : Eureka HTTP Client uses RestTemplate.
2024-06-15T22:27:06.202+07:00  WARN 472 --- [file-service] [restartedMain] iguration$LoadBalancerCaffeineWarnLogger : Spring Cloud LoadBalancer is currently working with the default cache. While this cache implementation is useful for development and tests, it's recommended to use Caffeine cache in production.You can switch to using Caffeine cache, by adding it and org.springframework.cache.caffeine.CaffeineCacheManager to the classpath.
2024-06-15T22:27:06.209+07:00  INFO 472 --- [file-service] [restartedMain] o.s.b.a.e.web.EndpointLinksResolver      : Exposing 19 endpoints beneath base path '/actuator'
2024-06-15T22:27:06.339+07:00  INFO 472 --- [file-service] [restartedMain] o.s.c.n.eureka.InstanceInfoFactory       : Setting initial instance status as: STARTING
2024-06-15T22:27:06.391+07:00  INFO 472 --- [file-service] [restartedMain] com.netflix.discovery.DiscoveryClient    : Initializing Eureka in region us-east-1
2024-06-15T22:27:06.397+07:00  INFO 472 --- [file-service] [restartedMain] c.n.d.s.r.aws.ConfigClusterResolver      : Resolving eureka endpoints via configuration
2024-06-15T22:27:06.424+07:00  INFO 472 --- [file-service] [restartedMain] com.netflix.discovery.DiscoveryClient    : Disable delta property : false
2024-06-15T22:27:06.424+07:00  INFO 472 --- [file-service] [restartedMain] com.netflix.discovery.DiscoveryClient    : Single vip registry refresh property : null
2024-06-15T22:27:06.424+07:00  INFO 472 --- [file-service] [restartedMain] com.netflix.discovery.DiscoveryClient    : Force full registry fetch : false
2024-06-15T22:27:06.424+07:00  INFO 472 --- [file-service] [restartedMain] com.netflix.discovery.DiscoveryClient    : Application is null : false
2024-06-15T22:27:06.424+07:00  INFO 472 --- [file-service] [restartedMain] com.netflix.discovery.DiscoveryClient    : Registered Applications size is zero : true
2024-06-15T22:27:06.424+07:00  INFO 472 --- [file-service] [restartedMain] com.netflix.discovery.DiscoveryClient    : Application version is -1: true
2024-06-15T22:27:06.424+07:00  INFO 472 --- [file-service] [restartedMain] com.netflix.discovery.DiscoveryClient    : Getting all instance registry info from the eureka server
2024-06-15T22:27:06.915+07:00  INFO 472 --- [file-service] [restartedMain] com.netflix.discovery.DiscoveryClient    : The response status is 200
2024-06-15T22:27:06.920+07:00  INFO 472 --- [file-service] [restartedMain] com.netflix.discovery.DiscoveryClient    : Starting heartbeat executor: renew interval is: 30
2024-06-15T22:27:06.923+07:00  INFO 472 --- [file-service] [restartedMain] c.n.discovery.InstanceInfoReplicator     : InstanceInfoReplicator onDemand update allowed rate per min is 4
2024-06-15T22:27:06.928+07:00  INFO 472 --- [file-service] [restartedMain] com.netflix.discovery.DiscoveryClient    : Discovery Client initialized at timestamp 1718465226927 with initial instances count: 3
2024-06-15T22:27:06.929+07:00  INFO 472 --- [file-service] [restartedMain] o.s.c.n.e.s.EurekaServiceRegistry        : Registering application FILE-SERVICE with eureka with status UP
2024-06-15T22:27:06.930+07:00  INFO 472 --- [file-service] [restartedMain] com.netflix.discovery.DiscoveryClient    : Saw local status change event StatusChangeEvent [timestamp=1718465226930, current=UP, previous=STARTING]
2024-06-15T22:27:06.936+07:00  INFO 472 --- [file-service] [DiscoveryClient-InstanceInfoReplicator-0] com.netflix.discovery.DiscoveryClient    : DiscoveryClient_FILE-SERVICE/tuank.mshome.net:file-service:9001: registering service...
2024-06-15T22:27:06.962+07:00  INFO 472 --- [file-service] [restartedMain] o.s.b.w.embedded.tomcat.TomcatWebServer  : Tomcat started on port 9001 (http) with context path '/'
2024-06-15T22:27:06.964+07:00  INFO 472 --- [file-service] [restartedMain] .s.c.n.e.s.EurekaAutoServiceRegistration : Updating port to 9001
2024-06-15T22:27:06.982+07:00  INFO 472 --- [file-service] [restartedMain] c.k.fileservice.FileServiceApplication   : Started FileServiceApplication in 4.434 seconds (process running for 5.38)
2024-06-15T22:27:07.003+07:00  INFO 472 --- [file-service] [DiscoveryClient-InstanceInfoReplicator-0] com.netflix.discovery.DiscoveryClient    : DiscoveryClient_FILE-SERVICE/tuank.mshome.net:file-service:9001 - registration status: 204
2024-06-15T22:27:07.181+07:00  INFO 472 --- [file-service] [RMI TCP Connection(4)-192.168.0.108] o.a.c.c.C.[Tomcat].[localhost].[/]       : Initializing Spring DispatcherServlet 'dispatcherServlet'
2024-06-15T22:32:06.438+07:00  INFO 472 --- [file-service] [AsyncResolver-bootstrap-executor-0] c.n.d.s.r.aws.ConfigClusterResolver      : Resolving eureka endpoints via configuration
2024-06-15T22:37:06.446+07:00  INFO 472 --- [file-service] [AsyncResolver-bootstrap-executor-0] c.n.d.s.r.aws.ConfigClusterResolver      : Resolving eureka endpoints via configuration
