2024-06-16T00:04:37.865+07:00  INFO 30956 --- [individual-service] [AsyncResolver-bootstrap-executor-0] c.n.d.s.r.aws.ConfigClusterResolver      : Resolving eureka endpoints via configuration
2024-06-16T00:09:37.899+07:00  INFO 30956 --- [individual-service] [AsyncResolver-bootstrap-executor-0] c.n.d.s.r.aws.ConfigClusterResolver      : Resolving eureka endpoints via configuration
2024-06-16T00:14:37.904+07:00  INFO 30956 --- [individual-service] [AsyncResolver-bootstrap-executor-0] c.n.d.s.r.aws.ConfigClusterResolver      : Resolving eureka endpoints via configuration
2024-06-16T00:15:40.658+07:00  WARN 30956 --- [individual-service] [DiscoveryClient-CacheRefreshExecutor-0] c.ConfigServerConfigDataLocationResolver : Could not locate configserver via discovery

java.lang.IllegalStateException: No instances found of configserver (config-service)
	at org.springframework.cloud.config.client.ConfigServerInstanceProvider.getConfigServerInstances(ConfigServerInstanceProvider.java:77) ~[spring-cloud-config-client-4.1.2.jar:4.1.2]
	at org.springframework.cloud.config.client.ConfigServerInstanceMonitor.refresh(ConfigServerInstanceMonitor.java:90) ~[spring-cloud-config-client-4.1.2.jar:4.1.2]
	at org.springframework.cloud.config.client.ConfigServerInstanceMonitor.heartbeat(ConfigServerInstanceMonitor.java:81) ~[spring-cloud-config-client-4.1.2.jar:4.1.2]
	at org.springframework.cloud.config.client.ConfigServerInstanceMonitor.onApplicationEvent(ConfigServerInstanceMonitor.java:69) ~[spring-cloud-config-client-4.1.2.jar:4.1.2]
	at org.springframework.context.event.SimpleApplicationEventMulticaster.doInvokeListener(SimpleApplicationEventMulticaster.java:185) ~[spring-context-6.1.8.jar:6.1.8]
	at org.springframework.context.event.SimpleApplicationEventMulticaster.invokeListener(SimpleApplicationEventMulticaster.java:178) ~[spring-context-6.1.8.jar:6.1.8]
	at org.springframework.context.event.SimpleApplicationEventMulticaster.multicastEvent(SimpleApplicationEventMulticaster.java:156) ~[spring-context-6.1.8.jar:6.1.8]
	at org.springframework.context.support.AbstractApplicationContext.publishEvent(AbstractApplicationContext.java:451) ~[spring-context-6.1.8.jar:6.1.8]
	at org.springframework.context.support.AbstractApplicationContext.publishEvent(AbstractApplicationContext.java:384) ~[spring-context-6.1.8.jar:6.1.8]
	at org.springframework.cloud.netflix.eureka.CloudEurekaClient.onCacheRefreshed(CloudEurekaClient.java:121) ~[spring-cloud-netflix-eureka-client-4.1.2.jar:4.1.2]
	at com.netflix.discovery.DiscoveryClient.fetchRegistry(DiscoveryClient.java:975) ~[eureka-client-2.0.2.jar:2.0.2]
	at com.netflix.discovery.DiscoveryClient.refreshRegistry(DiscoveryClient.java:1475) ~[eureka-client-2.0.2.jar:2.0.2]
	at com.netflix.discovery.DiscoveryClient$CacheRefreshThread.run(DiscoveryClient.java:1442) ~[eureka-client-2.0.2.jar:2.0.2]
	at java.base/java.util.concurrent.Executors$RunnableAdapter.call(Executors.java:572) ~[na:na]
	at java.base/java.util.concurrent.FutureTask.run$$$capture(FutureTask.java:317) ~[na:na]
	at java.base/java.util.concurrent.FutureTask.run(FutureTask.java) ~[na:na]
	at java.base/java.util.concurrent.ThreadPoolExecutor.runWorker(ThreadPoolExecutor.java:1144) ~[na:na]
	at java.base/java.util.concurrent.ThreadPoolExecutor$Worker.run(ThreadPoolExecutor.java:642) ~[na:na]
	at java.base/java.lang.Thread.run(Thread.java:1583) ~[na:na]

2024-06-16T00:17:40.856+07:00  WARN 30956 --- [individual-service] [DiscoveryClient-CacheRefreshExecutor-0] c.ConfigServerConfigDataLocationResolver : Could not locate configserver via discovery

java.lang.IllegalStateException: No instances found of configserver (config-service)
	at org.springframework.cloud.config.client.ConfigServerInstanceProvider.getConfigServerInstances(ConfigServerInstanceProvider.java:77) ~[spring-cloud-config-client-4.1.2.jar:4.1.2]
	at org.springframework.cloud.config.client.ConfigServerInstanceMonitor.refresh(ConfigServerInstanceMonitor.java:90) ~[spring-cloud-config-client-4.1.2.jar:4.1.2]
	at org.springframework.cloud.config.client.ConfigServerInstanceMonitor.heartbeat(ConfigServerInstanceMonitor.java:81) ~[spring-cloud-config-client-4.1.2.jar:4.1.2]
	at org.springframework.cloud.config.client.ConfigServerInstanceMonitor.onApplicationEvent(ConfigServerInstanceMonitor.java:69) ~[spring-cloud-config-client-4.1.2.jar:4.1.2]
	at org.springframework.context.event.SimpleApplicationEventMulticaster.doInvokeListener(SimpleApplicationEventMulticaster.java:185) ~[spring-context-6.1.8.jar:6.1.8]
	at org.springframework.context.event.SimpleApplicationEventMulticaster.invokeListener(SimpleApplicationEventMulticaster.java:178) ~[spring-context-6.1.8.jar:6.1.8]
	at org.springframework.context.event.SimpleApplicationEventMulticaster.multicastEvent(SimpleApplicationEventMulticaster.java:156) ~[spring-context-6.1.8.jar:6.1.8]
	at org.springframework.context.support.AbstractApplicationContext.publishEvent(AbstractApplicationContext.java:451) ~[spring-context-6.1.8.jar:6.1.8]
	at org.springframework.context.support.AbstractApplicationContext.publishEvent(AbstractApplicationContext.java:384) ~[spring-context-6.1.8.jar:6.1.8]
	at org.springframework.cloud.netflix.eureka.CloudEurekaClient.onCacheRefreshed(CloudEurekaClient.java:121) ~[spring-cloud-netflix-eureka-client-4.1.2.jar:4.1.2]
	at com.netflix.discovery.DiscoveryClient.fetchRegistry(DiscoveryClient.java:975) ~[eureka-client-2.0.2.jar:2.0.2]
	at com.netflix.discovery.DiscoveryClient.refreshRegistry(DiscoveryClient.java:1475) ~[eureka-client-2.0.2.jar:2.0.2]
	at com.netflix.discovery.DiscoveryClient$CacheRefreshThread.run(DiscoveryClient.java:1442) ~[eureka-client-2.0.2.jar:2.0.2]
	at java.base/java.util.concurrent.Executors$RunnableAdapter.call(Executors.java:572) ~[na:na]
	at java.base/java.util.concurrent.FutureTask.run$$$capture(FutureTask.java:317) ~[na:na]
	at java.base/java.util.concurrent.FutureTask.run(FutureTask.java) ~[na:na]
	at java.base/java.util.concurrent.ThreadPoolExecutor.runWorker(ThreadPoolExecutor.java:1144) ~[na:na]
	at java.base/java.util.concurrent.ThreadPoolExecutor$Worker.run(ThreadPoolExecutor.java:642) ~[na:na]
	at java.base/java.lang.Thread.run(Thread.java:1583) ~[na:na]

2024-06-16T00:19:37.916+07:00  INFO 30956 --- [individual-service] [AsyncResolver-bootstrap-executor-0] c.n.d.s.r.aws.ConfigClusterResolver      : Resolving eureka endpoints via configuration
2024-06-16T00:24:37.919+07:00  INFO 30956 --- [individual-service] [AsyncResolver-bootstrap-executor-0] c.n.d.s.r.aws.ConfigClusterResolver      : Resolving eureka endpoints via configuration
